{"/Users/oanh/oanh/programming/IBMFullstack/FrontEnd/kduia-shopping-app/src/App.js": {"path":"/Users/oanh/oanh/programming/IBMFullstack/FrontEnd/kduia-shopping-app/src/App.js","statementMap":{"0":{"start":{"line":12,"column":2},"end":{"line":40,"column":4}}},"fnMap":{"0":{"name":"App","decl":{"start":{"line":11,"column":9},"end":{"line":11,"column":12}},"loc":{"start":{"line":11,"column":15},"end":{"line":41,"column":1}},"line":11}},"branchMap":{},"s":{"0":3},"f":{"0":3},"b":{},"_coverageSchema":"1a1c01bbd47fc00a2c39e90264f33305004495a9","hash":"d596fd30d91f60ccc4c3dfc799eb6bd9bb4d44f5"}
,"/Users/oanh/oanh/programming/IBMFullstack/FrontEnd/kduia-shopping-app/src/index.js": {"path":"/Users/oanh/oanh/programming/IBMFullstack/FrontEnd/kduia-shopping-app/src/index.js","statementMap":{"0":{"start":{"line":8,"column":13},"end":{"line":8,"column":65}},"1":{"start":{"line":9,"column":0},"end":{"line":13,"column":2}},"2":{"start":{"line":18,"column":0},"end":{"line":18,"column":18}}},"fnMap":{},"branchMap":{},"s":{"0":0,"1":0,"2":0},"f":{},"b":{}}
,"/Users/oanh/oanh/programming/IBMFullstack/FrontEnd/kduia-shopping-app/src/reportWebVitals.js": {"path":"/Users/oanh/oanh/programming/IBMFullstack/FrontEnd/kduia-shopping-app/src/reportWebVitals.js","statementMap":{"0":{"start":{"line":1,"column":24},"end":{"line":11,"column":1}},"1":{"start":{"line":2,"column":2},"end":{"line":10,"column":3}},"2":{"start":{"line":3,"column":4},"end":{"line":9,"column":7}},"3":{"start":{"line":4,"column":6},"end":{"line":4,"column":26}},"4":{"start":{"line":5,"column":6},"end":{"line":5,"column":26}},"5":{"start":{"line":6,"column":6},"end":{"line":6,"column":26}},"6":{"start":{"line":7,"column":6},"end":{"line":7,"column":26}},"7":{"start":{"line":8,"column":6},"end":{"line":8,"column":27}}},"fnMap":{"0":{"name":"(anonymous_0)","decl":{"start":{"line":1,"column":24},"end":{"line":1,"column":25}},"loc":{"start":{"line":1,"column":39},"end":{"line":11,"column":1}},"line":1},"1":{"name":"(anonymous_1)","decl":{"start":{"line":3,"column":30},"end":{"line":3,"column":31}},"loc":{"start":{"line":3,"column":79},"end":{"line":9,"column":5}},"line":3}},"branchMap":{"0":{"loc":{"start":{"line":2,"column":2},"end":{"line":10,"column":3}},"type":"if","locations":[{"start":{"line":2,"column":2},"end":{"line":10,"column":3}},{"start":{},"end":{}}],"line":2},"1":{"loc":{"start":{"line":2,"column":6},"end":{"line":2,"column":52}},"type":"binary-expr","locations":[{"start":{"line":2,"column":6},"end":{"line":2,"column":17}},{"start":{"line":2,"column":21},"end":{"line":2,"column":52}}],"line":2}},"s":{"0":0,"1":0,"2":0,"3":0,"4":0,"5":0,"6":0,"7":0},"f":{"0":0,"1":0},"b":{"0":[0,0],"1":[0,0]}}
,"/Users/oanh/oanh/programming/IBMFullstack/FrontEnd/kduia-shopping-app/src/components/CartValue.js": {"path":"/Users/oanh/oanh/programming/IBMFullstack/FrontEnd/kduia-shopping-app/src/components/CartValue.js","statementMap":{"0":{"start":{"line":4,"column":18},"end":{"line":15,"column":1}},"1":{"start":{"line":5,"column":36},"end":{"line":5,"column":58}},"2":{"start":{"line":8,"column":4},"end":{"line":13,"column":6}}},"fnMap":{"0":{"name":"(anonymous_0)","decl":{"start":{"line":4,"column":18},"end":{"line":4,"column":19}},"loc":{"start":{"line":5,"column":0},"end":{"line":15,"column":1}},"line":5}},"branchMap":{},"s":{"0":1,"1":7,"2":7},"f":{"0":7},"b":{},"_coverageSchema":"1a1c01bbd47fc00a2c39e90264f33305004495a9","hash":"aeced999aa70230d152a261251871ec3c40241e4"}
,"/Users/oanh/oanh/programming/IBMFullstack/FrontEnd/kduia-shopping-app/src/components/ExpenseItem.js": {"path":"/Users/oanh/oanh/programming/IBMFullstack/FrontEnd/kduia-shopping-app/src/components/ExpenseItem.js","statementMap":{"0":{"start":{"line":5,"column":20},"end":{"line":34,"column":1}},"1":{"start":{"line":7,"column":29},"end":{"line":7,"column":51}},"2":{"start":{"line":9,"column":27},"end":{"line":19,"column":3}},"3":{"start":{"line":10,"column":18},"end":{"line":12,"column":13}},"4":{"start":{"line":14,"column":5},"end":{"line":18,"column":8}},"5":{"start":{"line":22,"column":2},"end":{"line":32,"column":4}}},"fnMap":{"0":{"name":"(anonymous_0)","decl":{"start":{"line":5,"column":20},"end":{"line":5,"column":21}},"loc":{"start":{"line":6,"column":0},"end":{"line":34,"column":1}},"line":6},"1":{"name":"(anonymous_1)","decl":{"start":{"line":9,"column":27},"end":{"line":9,"column":28}},"loc":{"start":{"line":10,"column":2},"end":{"line":19,"column":3}},"line":10}},"branchMap":{},"s":{"0":1,"1":35,"2":35,"3":1,"4":1,"5":35},"f":{"0":35,"1":1},"b":{},"_coverageSchema":"1a1c01bbd47fc00a2c39e90264f33305004495a9","hash":"aaa96aa26339d1eb9ecea7498ccfed65ad4a8f99"}
,"/Users/oanh/oanh/programming/IBMFullstack/FrontEnd/kduia-shopping-app/src/components/ExpenseList.js": {"path":"/Users/oanh/oanh/programming/IBMFullstack/FrontEnd/kduia-shopping-app/src/components/ExpenseList.js","statementMap":{"0":{"start":{"line":6,"column":20},"end":{"line":46,"column":1}},"1":{"start":{"line":8,"column":23},"end":{"line":8,"column":45}},"2":{"start":{"line":10,"column":4},"end":{"line":44,"column":6}},"3":{"start":{"line":31,"column":24},"end":{"line":33,"column":26}}},"fnMap":{"0":{"name":"(anonymous_0)","decl":{"start":{"line":6,"column":20},"end":{"line":6,"column":21}},"loc":{"start":{"line":7,"column":0},"end":{"line":46,"column":1}},"line":7},"1":{"name":"(anonymous_1)","decl":{"start":{"line":29,"column":33},"end":{"line":29,"column":34}},"loc":{"start":{"line":30,"column":20},"end":{"line":34,"column":21}},"line":30}},"branchMap":{},"s":{"0":1,"1":7,"2":7,"3":35},"f":{"0":7,"1":35},"b":{},"_coverageSchema":"1a1c01bbd47fc00a2c39e90264f33305004495a9","hash":"6a945b92886bc7a85f589ff317f8e449742bac56"}
,"/Users/oanh/oanh/programming/IBMFullstack/FrontEnd/kduia-shopping-app/src/components/ItemSelected.js": {"path":"/Users/oanh/oanh/programming/IBMFullstack/FrontEnd/kduia-shopping-app/src/components/ItemSelected.js","statementMap":{"0":{"start":{"line":5,"column":21},"end":{"line":95,"column":1}},"1":{"start":{"line":7,"column":23},"end":{"line":7,"column":45}},"2":{"start":{"line":8,"column":27},"end":{"line":8,"column":39}},"3":{"start":{"line":9,"column":35},"end":{"line":9,"column":47}},"4":{"start":{"line":10,"column":31},"end":{"line":10,"column":43}},"5":{"start":{"line":13,"column":23},"end":{"line":39,"column":5}},"6":{"start":{"line":16,"column":8},"end":{"line":16,"column":31}},"7":{"start":{"line":18,"column":20},"end":{"line":21,"column":9}},"8":{"start":{"line":24,"column":8},"end":{"line":38,"column":9}},"9":{"start":{"line":27,"column":16},"end":{"line":30,"column":20}},"10":{"start":{"line":32,"column":17},"end":{"line":32,"column":23}},"11":{"start":{"line":34,"column":17},"end":{"line":37,"column":19}},"12":{"start":{"line":37,"column":20},"end":{"line":37,"column":26}},"13":{"start":{"line":41,"column":4},"end":{"line":92,"column":6}},"14":{"start":{"line":43,"column":43},"end":{"line":43,"column":64}},"15":{"start":{"line":54,"column":95},"end":{"line":54,"column":118}},"16":{"start":{"line":68,"column":92},"end":{"line":68,"column":117}},"17":{"start":{"line":76,"column":79},"end":{"line":76,"column":106}}},"fnMap":{"0":{"name":"(anonymous_0)","decl":{"start":{"line":5,"column":21},"end":{"line":5,"column":22}},"loc":{"start":{"line":6,"column":0},"end":{"line":95,"column":1}},"line":6},"1":{"name":"(anonymous_1)","decl":{"start":{"line":13,"column":23},"end":{"line":13,"column":24}},"loc":{"start":{"line":14,"column":4},"end":{"line":39,"column":5}},"line":14},"2":{"name":"(anonymous_2)","decl":{"start":{"line":43,"column":38},"end":{"line":43,"column":39}},"loc":{"start":{"line":43,"column":43},"end":{"line":43,"column":64}},"line":43},"3":{"name":"(anonymous_3)","decl":{"start":{"line":54,"column":88},"end":{"line":54,"column":89}},"loc":{"start":{"line":54,"column":95},"end":{"line":54,"column":118}},"line":54},"4":{"name":"(anonymous_4)","decl":{"start":{"line":68,"column":86},"end":{"line":68,"column":87}},"loc":{"start":{"line":68,"column":92},"end":{"line":68,"column":117}},"line":68},"5":{"name":"(anonymous_5)","decl":{"start":{"line":76,"column":72},"end":{"line":76,"column":73}},"loc":{"start":{"line":76,"column":79},"end":{"line":76,"column":106}},"line":76}},"branchMap":{"0":{"loc":{"start":{"line":24,"column":8},"end":{"line":38,"column":9}},"type":"switch","locations":[{"start":{"line":26,"column":12},"end":{"line":32,"column":23}},{"start":{"line":33,"column":12},"end":{"line":37,"column":26}}],"line":24}},"s":{"0":1,"1":18,"2":18,"3":18,"4":18,"5":18,"6":3,"7":3,"8":3,"9":2,"10":2,"11":1,"12":1,"13":18,"14":3,"15":3,"16":3,"17":5},"f":{"0":18,"1":3,"2":3,"3":3,"4":3,"5":5},"b":{"0":[2,1]},"_coverageSchema":"1a1c01bbd47fc00a2c39e90264f33305004495a9","hash":"1cabb0029211542fb46d4de6e22a8380610fb0d8"}
,"/Users/oanh/oanh/programming/IBMFullstack/FrontEnd/kduia-shopping-app/src/components/Location.js": {"path":"/Users/oanh/oanh/programming/IBMFullstack/FrontEnd/kduia-shopping-app/src/components/Location.js","statementMap":{"0":{"start":{"line":4,"column":17},"end":{"line":32,"column":1}},"1":{"start":{"line":5,"column":22},"end":{"line":5,"column":44}},"2":{"start":{"line":7,"column":25},"end":{"line":14,"column":5}},"3":{"start":{"line":9,"column":4},"end":{"line":13,"column":6}},"4":{"start":{"line":17,"column":4},"end":{"line":30,"column":6}},"5":{"start":{"line":20,"column":54},"end":{"line":20,"column":84}}},"fnMap":{"0":{"name":"(anonymous_0)","decl":{"start":{"line":4,"column":17},"end":{"line":4,"column":18}},"loc":{"start":{"line":5,"column":0},"end":{"line":32,"column":1}},"line":5},"1":{"name":"(anonymous_1)","decl":{"start":{"line":7,"column":25},"end":{"line":7,"column":26}},"loc":{"start":{"line":8,"column":3},"end":{"line":14,"column":5}},"line":8},"2":{"name":"(anonymous_2)","decl":{"start":{"line":20,"column":49},"end":{"line":20,"column":50}},"loc":{"start":{"line":20,"column":54},"end":{"line":20,"column":84}},"line":20}},"branchMap":{},"s":{"0":1,"1":7,"2":7,"3":1,"4":7,"5":1},"f":{"0":7,"1":1,"2":1},"b":{},"_coverageSchema":"1a1c01bbd47fc00a2c39e90264f33305004495a9","hash":"9dcdec8925c3680aec3966ed17144948cbc986c7"}
,"/Users/oanh/oanh/programming/IBMFullstack/FrontEnd/kduia-shopping-app/src/context/AppContext.js": {"path":"/Users/oanh/oanh/programming/IBMFullstack/FrontEnd/kduia-shopping-app/src/context/AppContext.js","statementMap":{"0":{"start":{"line":4,"column":25},"end":{"line":59,"column":1}},"1":{"start":{"line":7,"column":4},"end":{"line":57,"column":5}},"2":{"start":{"line":12,"column":13},"end":{"line":19,"column":15}},"3":{"start":{"line":13,"column":16},"end":{"line":16,"column":17}},"4":{"start":{"line":15,"column":20},"end":{"line":15,"column":80}},"5":{"start":{"line":18,"column":16},"end":{"line":18,"column":28}},"6":{"start":{"line":20,"column":12},"end":{"line":20,"column":32}},"7":{"start":{"line":21,"column":12},"end":{"line":21,"column":30}},"8":{"start":{"line":24,"column":12},"end":{"line":36,"column":16}},"9":{"start":{"line":25,"column":16},"end":{"line":32,"column":17}},"10":{"start":{"line":27,"column":20},"end":{"line":27,"column":87}},"11":{"start":{"line":28,"column":20},"end":{"line":31,"column":21}},"12":{"start":{"line":30,"column":24},"end":{"line":30,"column":45}},"13":{"start":{"line":34,"column":16},"end":{"line":34,"column":28}},"14":{"start":{"line":37,"column":12},"end":{"line":37,"column":32}},"15":{"start":{"line":38,"column":12},"end":{"line":38,"column":31}},"16":{"start":{"line":41,"column":12},"end":{"line":47,"column":15}},"17":{"start":{"line":42,"column":16},"end":{"line":45,"column":17}},"18":{"start":{"line":44,"column":20},"end":{"line":44,"column":41}},"19":{"start":{"line":46,"column":16},"end":{"line":46,"column":28}},"20":{"start":{"line":48,"column":12},"end":{"line":48,"column":32}},"21":{"start":{"line":49,"column":12},"end":{"line":49,"column":30}},"22":{"start":{"line":52,"column":12},"end":{"line":52,"column":32}},"23":{"start":{"line":53,"column":12},"end":{"line":53,"column":41}},"24":{"start":{"line":54,"column":12},"end":{"line":54,"column":30}},"25":{"start":{"line":56,"column":12},"end":{"line":56,"column":30}},"26":{"start":{"line":61,"column":20},"end":{"line":72,"column":1}},"27":{"start":{"line":75,"column":26},"end":{"line":75,"column":41}},"28":{"start":{"line":77,"column":27},"end":{"line":98,"column":1}},"29":{"start":{"line":78,"column":27},"end":{"line":78,"column":62}},"30":{"start":{"line":80,"column":26},"end":{"line":82,"column":8}},"31":{"start":{"line":81,"column":8},"end":{"line":81,"column":65}},"32":{"start":{"line":83,"column":4},"end":{"line":83,"column":36}},"33":{"start":{"line":86,"column":4},"end":{"line":97,"column":6}}},"fnMap":{"0":{"name":"(anonymous_0)","decl":{"start":{"line":4,"column":25},"end":{"line":4,"column":26}},"loc":{"start":{"line":5,"column":0},"end":{"line":59,"column":1}},"line":5},"1":{"name":"(anonymous_1)","decl":{"start":{"line":12,"column":32},"end":{"line":12,"column":33}},"loc":{"start":{"line":12,"column":45},"end":{"line":19,"column":13}},"line":12},"2":{"name":"(anonymous_2)","decl":{"start":{"line":24,"column":31},"end":{"line":24,"column":32}},"loc":{"start":{"line":24,"column":43},"end":{"line":36,"column":13}},"line":24},"3":{"name":"(anonymous_3)","decl":{"start":{"line":41,"column":31},"end":{"line":41,"column":32}},"loc":{"start":{"line":41,"column":42},"end":{"line":47,"column":13}},"line":41},"4":{"name":"(anonymous_4)","decl":{"start":{"line":77,"column":27},"end":{"line":77,"column":28}},"loc":{"start":{"line":78,"column":0},"end":{"line":98,"column":1}},"line":78},"5":{"name":"(anonymous_5)","decl":{"start":{"line":80,"column":48},"end":{"line":80,"column":49}},"loc":{"start":{"line":80,"column":64},"end":{"line":82,"column":5}},"line":80}},"branchMap":{"0":{"loc":{"start":{"line":7,"column":4},"end":{"line":57,"column":5}},"type":"switch","locations":[{"start":{"line":9,"column":8},"end":{"line":21,"column":30}},{"start":{"line":23,"column":8},"end":{"line":38,"column":31}},{"start":{"line":40,"column":8},"end":{"line":49,"column":30}},{"start":{"line":51,"column":8},"end":{"line":54,"column":30}},{"start":{"line":55,"column":8},"end":{"line":56,"column":30}}],"line":7},"1":{"loc":{"start":{"line":13,"column":16},"end":{"line":16,"column":17}},"type":"if","locations":[{"start":{"line":13,"column":16},"end":{"line":16,"column":17}},{"start":{},"end":{}}],"line":13},"2":{"loc":{"start":{"line":25,"column":16},"end":{"line":32,"column":17}},"type":"if","locations":[{"start":{"line":25,"column":16},"end":{"line":32,"column":17}},{"start":{},"end":{}}],"line":25},"3":{"loc":{"start":{"line":28,"column":20},"end":{"line":31,"column":21}},"type":"if","locations":[{"start":{"line":28,"column":20},"end":{"line":31,"column":21}},{"start":{},"end":{}}],"line":28},"4":{"loc":{"start":{"line":42,"column":16},"end":{"line":45,"column":17}},"type":"if","locations":[{"start":{"line":42,"column":16},"end":{"line":45,"column":17}},{"start":{},"end":{}}],"line":42}},"s":{"0":1,"1":5,"2":2,"3":10,"4":2,"5":10,"6":2,"7":2,"8":1,"9":5,"10":1,"11":1,"12":0,"13":5,"14":1,"15":1,"16":1,"17":5,"18":1,"19":5,"20":1,"21":1,"22":1,"23":1,"24":1,"25":0,"26":1,"27":1,"28":1,"29":8,"30":7,"31":35,"32":7,"33":7},"f":{"0":5,"1":10,"2":5,"3":5,"4":8,"5":35},"b":{"0":[2,1,1,1,0],"1":[2,8],"2":[1,4],"3":[0,1],"4":[1,4]},"_coverageSchema":"1a1c01bbd47fc00a2c39e90264f33305004495a9","hash":"95a2c1d1749ba414da29a11d5c867233d26afa1c"}
}
