TN:
SF:src/App.js
FN:11,App
FNF:1
FNH:1
FNDA:3,App
DA:12,3
LF:1
LH:1
BRF:0
BRH:0
end_of_record
TN:
SF:src/index.js
FNF:0
FNH:0
DA:8,0
DA:9,0
DA:18,0
LF:3
LH:0
BRF:0
BRH:0
end_of_record
TN:
SF:src/reportWebVitals.js
FN:1,(anonymous_0)
FN:3,(anonymous_1)
FNF:2
FNH:0
FNDA:0,(anonymous_0)
FNDA:0,(anonymous_1)
DA:1,0
DA:2,0
DA:3,0
DA:4,0
DA:5,0
DA:6,0
DA:7,0
DA:8,0
LF:8
LH:0
BRDA:2,0,0,0
BRDA:2,0,1,0
BRDA:2,1,0,0
BRDA:2,1,1,0
BRF:4
BRH:0
end_of_record
TN:
SF:src/components/CartValue.js
FN:4,(anonymous_0)
FNF:1
FNH:1
FNDA:7,(anonymous_0)
DA:4,1
DA:5,7
DA:8,7
LF:3
LH:3
BRF:0
BRH:0
end_of_record
TN:
SF:src/components/ExpenseItem.js
FN:5,(anonymous_0)
FN:9,(anonymous_1)
FNF:2
FNH:2
FNDA:35,(anonymous_0)
FNDA:1,(anonymous_1)
DA:5,1
DA:7,35
DA:9,35
DA:10,1
DA:14,1
DA:22,35
LF:6
LH:6
BRF:0
BRH:0
end_of_record
TN:
SF:src/components/ExpenseList.js
FN:6,(anonymous_0)
FN:29,(anonymous_1)
FNF:2
FNH:2
FNDA:7,(anonymous_0)
FNDA:35,(anonymous_1)
DA:6,1
DA:8,7
DA:10,7
DA:31,35
LF:4
LH:4
BRF:0
BRH:0
end_of_record
TN:
SF:src/components/ItemSelected.js
FN:5,(anonymous_0)
FN:13,(anonymous_1)
FN:43,(anonymous_2)
FN:54,(anonymous_3)
FN:68,(anonymous_4)
FN:76,(anonymous_5)
FNF:6
FNH:6
FNDA:18,(anonymous_0)
FNDA:3,(anonymous_1)
FNDA:3,(anonymous_2)
FNDA:3,(anonymous_3)
FNDA:3,(anonymous_4)
FNDA:5,(anonymous_5)
DA:5,1
DA:7,18
DA:8,18
DA:9,18
DA:10,18
DA:13,18
DA:16,3
DA:18,3
DA:24,3
DA:27,2
DA:32,2
DA:34,1
DA:37,1
DA:41,18
DA:43,3
DA:54,3
DA:68,3
DA:76,5
LF:18
LH:18
BRDA:24,0,0,2
BRDA:24,0,1,1
BRF:2
BRH:2
end_of_record
TN:
SF:src/components/Location.js
FN:4,(anonymous_0)
FN:7,(anonymous_1)
FN:20,(anonymous_2)
FNF:3
FNH:3
FNDA:7,(anonymous_0)
FNDA:1,(anonymous_1)
FNDA:1,(anonymous_2)
DA:4,1
DA:5,7
DA:7,7
DA:9,1
DA:17,7
DA:20,1
LF:6
LH:6
BRF:0
BRH:0
end_of_record
TN:
SF:src/context/AppContext.js
FN:4,(anonymous_0)
FN:12,(anonymous_1)
FN:24,(anonymous_2)
FN:41,(anonymous_3)
FN:77,(anonymous_4)
FN:80,(anonymous_5)
FNF:6
FNH:6
FNDA:5,(anonymous_0)
FNDA:10,(anonymous_1)
FNDA:5,(anonymous_2)
FNDA:5,(anonymous_3)
FNDA:8,(anonymous_4)
FNDA:35,(anonymous_5)
DA:4,1
DA:7,5
DA:12,2
DA:13,10
DA:15,2
DA:18,10
DA:20,2
DA:21,2
DA:24,1
DA:25,5
DA:27,1
DA:28,1
DA:30,0
DA:34,5
DA:37,1
DA:38,1
DA:41,1
DA:42,5
DA:44,1
DA:46,5
DA:48,1
DA:49,1
DA:52,1
DA:53,1
DA:54,1
DA:56,0
DA:61,1
DA:75,1
DA:77,1
DA:78,8
DA:80,7
DA:81,35
DA:83,7
DA:86,7
LF:34
LH:32
BRDA:7,0,0,2
BRDA:7,0,1,1
BRDA:7,0,2,1
BRDA:7,0,3,1
BRDA:7,0,4,0
BRDA:13,1,0,2
BRDA:13,1,1,8
BRDA:25,2,0,1
BRDA:25,2,1,4
BRDA:28,3,0,0
BRDA:28,3,1,1
BRDA:42,4,0,1
BRDA:42,4,1,4
BRF:13
BRH:11
end_of_record
